<?xml version="1.0" encoding="UTF-8"?>
<!-- Generated by org.testng.reporters.JUnitReportReporter -->
<testsuite skipped="0" hostname="jayesh-PC" name="project_filament.filament_main" tests="8" failures="0" timestamp="20 Jan 2018 15:03:37 GMT" time="45.140" errors="0">
  <testcase name="sho_filament" time="0.695" classname="project_filament.filament_main"/>
  <testcase name="sho_filament" time="0.120" classname="project_filament.filament_main"/>
  <testcase name="sho_filament" time="0.961" classname="project_filament.filament_main"/>
  <testcase name="sho_filament" time="0.364" classname="project_filament.filament_main"/>
  <testcase name="sho_filament" time="13.683" classname="project_filament.filament_main"/>
  <testcase name="sho_filament" time="0.019" classname="project_filament.filament_main"/>
  <testcase name="sho_filament" time="29.149" classname="project_filament.filament_main"/>
  <testcase name="sho_filament" time="0.149" classname="project_filament.filament_main"/>
</testsuite> <!-- project_filament.filament_main -->
